<?xml version="1.0" encoding="UTF-8"?>
<!-- Generated by org.testng.reporters.JUnitReportReporter -->
<testsuite hostname="DESKTOP-O3A0L1L" failures="0" tests="4" name="tests.FirstTest" time="36.020" errors="0" timestamp="2020-09-29T22:53:37 MSK" skipped="0">
  <testcase classname="tests.FirstTest" name="changePortValue" time="9.818"/>
  <system-out/>
  <testcase classname="tests.FirstTest" name="switchToCommandsScreen" time="4.116"/>
  <system-out/>
  <testcase classname="tests.FirstTest" name="switchToConnectionScreen" time="2.699"/>
  <system-out/>
  <testcase classname="tests.FirstTest" name="changeIpAddressValue" time="19.387"/>
  <system-out/>
</testsuite> <!-- tests.FirstTest -->
